2017-10-18 00:29:16 INFO  TC001_VerifyLoginWithInvalidData: 25 - ======Starting VerifyLoginWithInvalidData Test=======
2017-10-18 00:29:19 INFO  HomePage: 37 - clicked on login and object is: [[FirefoxDriver: firefox on XP (11d98f1b-6c9d-4474-a487-ddf96300ca60)] -> class name: login-button]
2017-10-18 00:29:20 INFO  HomePage: 39 - entered email address and object is: [[FirefoxDriver: firefox on XP (11d98f1b-6c9d-4474-a487-ddf96300ca60)] -> id: username]
2017-10-18 00:29:20 INFO  HomePage: 41 - entered password and object is: [[FirefoxDriver: firefox on XP (11d98f1b-6c9d-4474-a487-ddf96300ca60)] -> id: password]
2017-10-18 00:29:25 INFO  HomePage: 43 - clicked on signin button and object is: [[FirefoxDriver: firefox on XP (11d98f1b-6c9d-4474-a487-ddf96300ca60)] -> id: singlebutton]
2017-10-18 00:29:25 INFO  HomePage: 47 - error massage is:   Invalid Email (or) Password
2017-10-18 00:29:25 INFO  TC001_VerifyLoginWithInvalidData: 29 - ======finished VerifyLoginWithInvalidData Test=======
2017-10-19 16:23:36 INFO  TC002_VerifyLoginWithInvalidData: 25 - ======Starting VerifyLoginWithInvalidData Test=======
2017-10-19 16:23:40 INFO  HomePage: 76 - clicked on login and object is: [[FirefoxDriver: firefox on XP (f86b0af6-8ae6-4fe2-8173-98255e81a0df)] -> class name: login-button]
2017-10-19 16:23:40 INFO  HomePage: 78 - entered email address and object is: [[FirefoxDriver: firefox on XP (f86b0af6-8ae6-4fe2-8173-98255e81a0df)] -> id: username]
2017-10-19 16:23:41 INFO  HomePage: 80 - entered password and object is: [[FirefoxDriver: firefox on XP (f86b0af6-8ae6-4fe2-8173-98255e81a0df)] -> id: password]
2017-10-19 16:23:46 INFO  HomePage: 82 - clicked on signin button and object is: [[FirefoxDriver: firefox on XP (f86b0af6-8ae6-4fe2-8173-98255e81a0df)] -> id: singlebutton]
2017-10-19 16:23:46 INFO  HomePage: 114 - error massage is:   Invalid Email (or) Password
2017-10-19 16:23:46 INFO  TC002_VerifyLoginWithInvalidData: 29 - ======finished VerifyLoginWithInvalidData Test=======
2017-10-20 14:02:43 INFO  HomePage: 89 - clicked on Join button and object is: [[FirefoxDriver: firefox on XP (07db8ae6-87ee-4469-a2e0-57bcf5fe684c)] -> class name: register-button]
2017-10-20 14:02:45 INFO  HomePage: 101 - clicked on proceed button and object is: [[FirefoxDriver: firefox on XP (07db8ae6-87ee-4469-a2e0-57bcf5fe684c)] -> id: singlebutton]
2017-10-20 14:20:07 INFO  HomePage: 90 - clicked on Join button and object is: [[FirefoxDriver: firefox on XP (09fcd179-9503-4d36-8a21-5b4b236429b5)] -> class name: register-button]
2017-10-20 14:20:08 INFO  HomePage: 102 - clicked on proceed button and object is: [[FirefoxDriver: firefox on XP (09fcd179-9503-4d36-8a21-5b4b236429b5)] -> id: singlebutton]
2017-10-20 14:36:39 INFO  HomePage: 90 - clicked on Join button and object is: [[FirefoxDriver: firefox on XP (63a8badb-4f20-439a-8726-efaf894ab4df)] -> class name: register-button]
2017-10-20 14:36:40 INFO  HomePage: 102 - clicked on proceed button and object is: [[FirefoxDriver: firefox on XP (63a8badb-4f20-439a-8726-efaf894ab4df)] -> id: singlebutton]
2017-10-20 14:41:10 INFO  HomePage: 90 - clicked on Join button and object is: [[FirefoxDriver: firefox on XP (4cebe999-1b92-47b0-9d70-e0556fd49009)] -> class name: register-button]
2017-10-20 14:41:11 INFO  HomePage: 102 - clicked on proceed button and object is: [[FirefoxDriver: firefox on XP (4cebe999-1b92-47b0-9d70-e0556fd49009)] -> id: singlebutton]
2017-10-20 14:42:16 INFO  HomePage: 90 - clicked on Join button and object is: [[FirefoxDriver: firefox on XP (c9c1010e-f433-4bd3-af77-589c93bda6fd)] -> class name: register-button]
2017-10-20 14:42:17 INFO  HomePage: 102 - clicked on proceed button and object is: [[FirefoxDriver: firefox on XP (c9c1010e-f433-4bd3-af77-589c93bda6fd)] -> id: singlebutton]
2017-10-20 14:42:53 INFO  HomePage: 90 - clicked on Join button and object is: [[FirefoxDriver: firefox on XP (17a4a793-b6ec-4f95-8a53-171e0ec72062)] -> class name: register-button]
2017-10-20 14:42:55 INFO  HomePage: 102 - clicked on proceed button and object is: [[FirefoxDriver: firefox on XP (17a4a793-b6ec-4f95-8a53-171e0ec72062)] -> id: singlebutton]
2017-10-20 14:43:22 INFO  HomePage: 113 - clocked on register button and object is :Proxy element for: DefaultElementLocator 'By.name: register'
2017-10-20 14:53:12 INFO  TestBase: 29 - ===========Starting CreateUserAccount Test================= 
2017-10-20 14:53:15 INFO  HomePage: 90 - clicked on Join button and object is: [[FirefoxDriver: firefox on XP (728d8b60-c2c4-447d-916f-fcc692ce096e)] -> class name: register-button]
2017-10-20 14:53:17 INFO  HomePage: 102 - clicked on proceed button and object is: [[FirefoxDriver: firefox on XP (728d8b60-c2c4-447d-916f-fcc692ce096e)] -> id: singlebutton]
2017-10-20 14:53:43 INFO  HomePage: 113 - clocked on register button and object is :Proxy element for: DefaultElementLocator 'By.name: register'
2017-10-20 14:53:43 INFO  HomePage: 120 - error massage is:   Registered Successfully
2017-10-20 14:59:03 INFO  TC002_VerifyLoginWithInvalidData: 25 - ======Starting VerifyLoginWithInvalidData Test=======
2017-10-20 14:59:07 INFO  HomePage: 77 - clicked on login and object is: [[FirefoxDriver: firefox on XP (dfa68c15-bc95-47cb-9033-eaf29b225267)] -> class name: login-button]
2017-10-20 14:59:07 INFO  HomePage: 79 - entered email address and object is: [[FirefoxDriver: firefox on XP (dfa68c15-bc95-47cb-9033-eaf29b225267)] -> id: username]
2017-10-20 14:59:07 INFO  HomePage: 81 - entered password and object is: [[FirefoxDriver: firefox on XP (dfa68c15-bc95-47cb-9033-eaf29b225267)] -> id: password]
2017-10-20 14:59:12 INFO  HomePage: 83 - clicked on signin button and object is: [[FirefoxDriver: firefox on XP (dfa68c15-bc95-47cb-9033-eaf29b225267)] -> id: singlebutton]
2017-10-20 14:59:12 INFO  HomePage: 120 - error massage is:   Invalid Email (or) Password
2017-10-20 14:59:12 INFO  TC002_VerifyLoginWithInvalidData: 29 - ======finished VerifyLoginWithInvalidData Test=======
2017-10-20 15:44:07 INFO  TC002_VerifyLoginWithInvalidData: 25 - ======Starting VerifyLoginWithInvalidData Test=======
2017-10-20 15:44:10 INFO  HomePage: 77 - clicked on login and object is: [[ChromeDriver: chrome on XP (dcfb78ef42205957b25fd4298461bde2)] -> class name: login-button]
2017-10-20 15:44:11 INFO  HomePage: 79 - entered email address and object is: [[ChromeDriver: chrome on XP (dcfb78ef42205957b25fd4298461bde2)] -> id: username]
2017-10-20 15:44:11 INFO  HomePage: 81 - entered password and object is: [[ChromeDriver: chrome on XP (dcfb78ef42205957b25fd4298461bde2)] -> id: password]
2017-10-20 15:44:16 INFO  HomePage: 83 - clicked on signin button and object is: [[ChromeDriver: chrome on XP (dcfb78ef42205957b25fd4298461bde2)] -> id: singlebutton]
2017-10-20 15:44:16 INFO  HomePage: 120 - error massage is:   Invalid Email (or) Password
2017-10-20 15:44:16 INFO  TC002_VerifyLoginWithInvalidData: 29 - ======finished VerifyLoginWithInvalidData Test=======
2017-10-20 16:34:29 INFO  TC002_VerifyLoginWithInvalidData: 25 - ======Starting VerifyLoginWithInvalidData Test=======
2017-10-20 16:34:33 INFO  HomePage: 77 - clicked on login and object is: [[ChromeDriver: chrome on XP (c76a9305bbdf8c603de15e753e0e3d28)] -> class name: login-button]
2017-10-20 16:34:33 INFO  HomePage: 79 - entered email address and object is: [[ChromeDriver: chrome on XP (c76a9305bbdf8c603de15e753e0e3d28)] -> id: username]
2017-10-20 16:34:33 INFO  HomePage: 81 - entered password and object is: [[ChromeDriver: chrome on XP (c76a9305bbdf8c603de15e753e0e3d28)] -> id: password]
2017-10-20 16:34:39 INFO  HomePage: 83 - clicked on signin button and object is: [[ChromeDriver: chrome on XP (c76a9305bbdf8c603de15e753e0e3d28)] -> id: singlebutton]
2017-10-20 16:34:39 INFO  HomePage: 120 - error massage is:   Invalid Email (or) Password
2017-10-20 16:34:39 INFO  TC002_VerifyLoginWithInvalidData: 29 - ======finished VerifyLoginWithInvalidData Test=======
2017-10-24 13:34:41 INFO  TestBase: 29 - ===========Starting CreateUserAccount Test================= 
2017-10-24 13:34:44 INFO  HomePage: 90 - clicked on Join button and object is: [[ChromeDriver: chrome on XP (4f0675812732e780ae9ade880a8df099)] -> class name: register-button]
2017-10-24 13:34:45 INFO  HomePage: 102 - clicked on proceed button and object is: [[ChromeDriver: chrome on XP (4f0675812732e780ae9ade880a8df099)] -> id: singlebutton]
2017-10-24 13:35:12 INFO  HomePage: 113 - clocked on register button and object is :Proxy element for: DefaultElementLocator 'By.name: register'
2017-10-24 13:48:12 INFO  TestBase: 29 - ===========Starting CreateUserAccount Test================= 
2017-10-24 13:48:15 INFO  HomePage: 90 - clicked on Join button and object is: [[ChromeDriver: chrome on XP (c24d6bea46144913b401175c35d80d59)] -> class name: register-button]
2017-10-24 13:48:16 INFO  HomePage: 102 - clicked on proceed button and object is: [[ChromeDriver: chrome on XP (c24d6bea46144913b401175c35d80d59)] -> id: singlebutton]
2017-10-24 13:52:14 INFO  TestBase: 29 - ===========Starting CreateUserAccount Test================= 
2017-10-24 13:52:17 INFO  HomePage: 90 - clicked on Join button and object is: [[ChromeDriver: chrome on XP (557538c1507946c2474381aa6a5ff1f7)] -> class name: register-button]
2017-10-24 13:52:18 INFO  HomePage: 102 - clicked on proceed button and object is: [[ChromeDriver: chrome on XP (557538c1507946c2474381aa6a5ff1f7)] -> id: singlebutton]
2017-10-24 13:55:40 INFO  TestBase: 29 - ===========Starting CreateUserAccount Test================= 
2017-10-24 13:55:43 INFO  HomePage: 90 - clicked on Join button and object is: [[ChromeDriver: chrome on XP (5a2800a33129a6f7907022c611f4ecb1)] -> class name: register-button]
2017-10-24 13:55:44 INFO  HomePage: 102 - clicked on proceed button and object is: [[ChromeDriver: chrome on XP (5a2800a33129a6f7907022c611f4ecb1)] -> id: singlebutton]
2017-10-24 13:56:21 INFO  TestBase: 29 - ===========Starting CreateUserAccount Test================= 
2017-10-24 13:56:24 INFO  HomePage: 90 - clicked on Join button and object is: [[ChromeDriver: chrome on XP (8666594a440e0e05b624f1a7330e7804)] -> class name: register-button]
2017-10-24 13:56:26 INFO  HomePage: 102 - clicked on proceed button and object is: [[ChromeDriver: chrome on XP (8666594a440e0e05b624f1a7330e7804)] -> id: singlebutton]
2017-10-24 13:59:26 INFO  TestBase: 29 - ===========Starting CreateUserAccount Test================= 
2017-10-24 13:59:29 INFO  HomePage: 90 - clicked on Join button and object is: [[ChromeDriver: chrome on XP (37e2a713f671ad91600f766ccdb253b4)] -> class name: register-button]
2017-10-24 13:59:30 INFO  HomePage: 102 - clicked on proceed button and object is: [[ChromeDriver: chrome on XP (37e2a713f671ad91600f766ccdb253b4)] -> id: singlebutton]
2017-10-24 13:59:58 INFO  HomePage: 113 - clicked on register button and object is :Proxy element for: DefaultElementLocator 'By.name: register'
2017-10-24 13:59:58 INFO  HomePage: 129 - error massage is:   Registered Successfully
2017-10-24 14:11:26 INFO  TestBase: 21 - ===========Starting ValidLogin Test================= 
2017-10-24 14:11:30 INFO  HomePage: 77 - clicked on login and object is: [[ChromeDriver: chrome on XP (075d19f750b548fbe26da1901b46eb38)] -> class name: login-button]
2017-10-24 14:11:30 INFO  HomePage: 79 - entered email address and object is: [[ChromeDriver: chrome on XP (075d19f750b548fbe26da1901b46eb38)] -> id: username]
2017-10-24 14:11:30 INFO  HomePage: 81 - entered password and object is: [[ChromeDriver: chrome on XP (075d19f750b548fbe26da1901b46eb38)] -> id: password]
2017-10-24 14:11:52 INFO  HomePage: 83 - clicked on signin button and object is: Proxy element for: DefaultElementLocator 'By.id: singlebutton'
2017-10-24 14:15:06 INFO  TestBase: 22 - ===========Starting ValidLogin Test================= 
2017-10-24 14:15:11 INFO  HomePage: 77 - clicked on login and object is: [[ChromeDriver: chrome on XP (bff42dfc70aa304933ca21b44c28d0d0)] -> class name: login-button]
2017-10-24 14:15:11 INFO  HomePage: 79 - entered email address and object is: [[ChromeDriver: chrome on XP (bff42dfc70aa304933ca21b44c28d0d0)] -> id: username]
2017-10-24 14:15:11 INFO  HomePage: 81 - entered password and object is: [[ChromeDriver: chrome on XP (bff42dfc70aa304933ca21b44c28d0d0)] -> id: password]
2017-10-24 14:15:32 INFO  HomePage: 83 - clicked on signin button and object is: Proxy element for: DefaultElementLocator 'By.id: singlebutton'
2017-10-24 14:22:04 INFO  TestBase: 22 - ===========Starting ValidLogin Test================= 
2017-10-24 14:22:07 INFO  HomePage: 77 - clicked on login and object is: [[ChromeDriver: chrome on XP (917b71704d15002a06ab5f30feae06a3)] -> class name: login-button]
2017-10-24 14:22:08 INFO  HomePage: 79 - entered email address and object is: [[ChromeDriver: chrome on XP (917b71704d15002a06ab5f30feae06a3)] -> id: username]
2017-10-24 14:22:08 INFO  HomePage: 81 - entered password and object is: [[ChromeDriver: chrome on XP (917b71704d15002a06ab5f30feae06a3)] -> id: password]
2017-10-24 14:22:30 INFO  HomePage: 83 - clicked on signin button and object is: Proxy element for: DefaultElementLocator 'By.id: singlebutton'
2017-10-25 23:33:13 INFO  TestBase: 22 - ===========Starting ValidLogin Test================= 
2017-10-25 23:33:16 INFO  HomePage: 77 - clicked on login and object is: [[FirefoxDriver: firefox on XP (f59e947a-e5c2-44cc-b16c-41a55f698294)] -> class name: login-button]
2017-10-25 23:33:16 INFO  HomePage: 79 - entered email address and object is: [[FirefoxDriver: firefox on XP (f59e947a-e5c2-44cc-b16c-41a55f698294)] -> id: username]
2017-10-25 23:33:17 INFO  HomePage: 81 - entered password and object is: [[FirefoxDriver: firefox on XP (f59e947a-e5c2-44cc-b16c-41a55f698294)] -> id: password]
2017-10-25 23:33:36 INFO  HomePage: 83 - clicked on signin button and object is: Proxy element for: DefaultElementLocator 'By.id: singlebutton'
===========Starting ValidLogin Test================= 
clicked on login and object is: [[FirefoxDriver: firefox on XP (89a215ef-aa55-4425-8dea-b2449542e03f)] -> class name: login-button]
entered email address and object is: [[FirefoxDriver: firefox on XP (89a215ef-aa55-4425-8dea-b2449542e03f)] -> id: username]
entered password and object is: [[FirefoxDriver: firefox on XP (89a215ef-aa55-4425-8dea-b2449542e03f)] -> id: password]
clicked on signin button and object is: Proxy element for: DefaultElementLocator 'By.id: singlebutton'
2017-10-25 23:45:22 INFO  TestBase: 22 - ===========Starting ValidLogin Test================= 
2017-10-25 23:45:26 INFO  HomePage: 77 - clicked on login and object is: [[FirefoxDriver: firefox on XP (c480b98f-af9a-413b-bf2f-fbece538fc6c)] -> class name: login-button]
2017-10-25 23:45:26 INFO  HomePage: 79 - entered email address and object is: [[FirefoxDriver: firefox on XP (c480b98f-af9a-413b-bf2f-fbece538fc6c)] -> id: username]
2017-10-25 23:45:26 INFO  HomePage: 81 - entered password and object is: [[FirefoxDriver: firefox on XP (c480b98f-af9a-413b-bf2f-fbece538fc6c)] -> id: password]
2017-10-25 23:45:45 INFO  HomePage: 83 - clicked on signin button and object is: Proxy element for: DefaultElementLocator 'By.id: singlebutton'
2017-10-25 23:48:01 INFO  TestBase: 22 - ===========Starting ValidLogin Test================= 
2017-10-25 23:48:05 INFO  HomePage: 77 - clicked on login and object is: [[FirefoxDriver: firefox on XP (8e954a5c-e6ed-4e07-a726-3c425f1713b1)] -> class name: login-button]
2017-10-25 23:48:05 INFO  HomePage: 79 - entered email address and object is: [[FirefoxDriver: firefox on XP (8e954a5c-e6ed-4e07-a726-3c425f1713b1)] -> id: username]
2017-10-25 23:48:05 INFO  HomePage: 81 - entered password and object is: [[FirefoxDriver: firefox on XP (8e954a5c-e6ed-4e07-a726-3c425f1713b1)] -> id: password]
2017-10-25 23:48:25 INFO  HomePage: 83 - clicked on signin button and object is: Proxy element for: DefaultElementLocator 'By.id: singlebutton'
2017-10-26 10:05:31 INFO  TestBase: 22 - ===========Starting ValidLogin Test================= 
2017-10-26 10:05:35 INFO  HomePage: 77 - clicked on login and object is: [[FirefoxDriver: firefox on XP (61bf3efe-e58e-422e-9d7c-a8d5fae0d3b0)] -> class name: login-button]
2017-10-26 10:05:35 INFO  HomePage: 79 - entered email address and object is: [[FirefoxDriver: firefox on XP (61bf3efe-e58e-422e-9d7c-a8d5fae0d3b0)] -> id: username]
2017-10-26 10:05:35 INFO  HomePage: 81 - entered password and object is: [[FirefoxDriver: firefox on XP (61bf3efe-e58e-422e-9d7c-a8d5fae0d3b0)] -> id: password]
2017-10-26 10:05:55 INFO  HomePage: 83 - clicked on signin button and object is: Proxy element for: DefaultElementLocator 'By.id: singlebutton'
2017-10-31 11:19:52 INFO  TestBase: 22 - ===========Starting ValidLogin Test================= 
2017-10-31 11:19:55 INFO  HomePage: 77 - clicked on login and object is: [[FirefoxDriver: firefox on XP (9b4bc453-0e8b-42dc-bddc-89ce98392e0b)] -> class name: login-button]
2017-10-31 11:19:56 INFO  HomePage: 79 - entered email address and object is: [[FirefoxDriver: firefox on XP (9b4bc453-0e8b-42dc-bddc-89ce98392e0b)] -> id: username]
2017-10-31 11:19:56 INFO  HomePage: 81 - entered password and object is: [[FirefoxDriver: firefox on XP (9b4bc453-0e8b-42dc-bddc-89ce98392e0b)] -> id: password]
2017-10-31 11:20:15 INFO  HomePage: 83 - clicked on signin button and object is: Proxy element for: DefaultElementLocator 'By.id: singlebutton'
2017-10-31 11:22:12 INFO  TestBase: 22 - ===========Starting ValidLogin Test================= 
2017-10-31 11:22:16 INFO  HomePage: 77 - clicked on login and object is: [[FirefoxDriver: firefox on XP (ae54aaa6-a34b-4b7c-87e0-d557b297f61b)] -> class name: login-button]
2017-10-31 11:22:16 INFO  HomePage: 79 - entered email address and object is: [[FirefoxDriver: firefox on XP (ae54aaa6-a34b-4b7c-87e0-d557b297f61b)] -> id: username]
2017-10-31 11:22:16 INFO  HomePage: 81 - entered password and object is: [[FirefoxDriver: firefox on XP (ae54aaa6-a34b-4b7c-87e0-d557b297f61b)] -> id: password]
2017-10-31 11:22:36 INFO  HomePage: 83 - clicked on signin button and object is: Proxy element for: DefaultElementLocator 'By.id: singlebutton'
2017-10-31 11:23:48 INFO  TestBase: 22 - ===========Starting ValidLogin Test================= 
2017-10-31 11:23:52 INFO  HomePage: 77 - clicked on login and object is: [[FirefoxDriver: firefox on XP (188676fb-1744-43b4-911b-c570d863b300)] -> class name: login-button]
2017-10-31 11:23:52 INFO  HomePage: 79 - entered email address and object is: [[FirefoxDriver: firefox on XP (188676fb-1744-43b4-911b-c570d863b300)] -> id: username]
2017-10-31 11:23:52 INFO  HomePage: 81 - entered password and object is: [[FirefoxDriver: firefox on XP (188676fb-1744-43b4-911b-c570d863b300)] -> id: password]
2017-10-31 11:24:12 INFO  HomePage: 83 - clicked on signin button and object is: Proxy element for: DefaultElementLocator 'By.id: singlebutton'
2017-11-05 23:10:24 INFO  TestBase: 37 - ===========Starting ValidLogin Test================= 
2017-11-05 23:10:28 INFO  HomePage: 77 - clicked on login and object is: [[FirefoxDriver: firefox on XP (34bb0a12-7fa5-49a8-b5d0-dad1a8d2e186)] -> class name: login-button]
2017-11-05 23:10:28 INFO  HomePage: 79 - entered email address and object is: [[FirefoxDriver: firefox on XP (34bb0a12-7fa5-49a8-b5d0-dad1a8d2e186)] -> id: username]
2017-11-05 23:10:28 INFO  HomePage: 81 - entered password and object is: [[FirefoxDriver: firefox on XP (34bb0a12-7fa5-49a8-b5d0-dad1a8d2e186)] -> id: password]
2017-11-05 23:10:33 INFO  HomePage: 83 - clicked on signin button and object is: [[FirefoxDriver: firefox on XP (34bb0a12-7fa5-49a8-b5d0-dad1a8d2e186)] -> id: singlebutton]
2017-11-05 23:10:33 INFO  TestBase: 37 - ===========Starting ValidLogin Test================= 
2017-11-05 23:10:37 INFO  HomePage: 77 - clicked on login and object is: [[FirefoxDriver: firefox on XP (34bb0a12-7fa5-49a8-b5d0-dad1a8d2e186)] -> class name: login-button]
2017-11-05 23:10:37 INFO  HomePage: 79 - entered email address and object is: [[FirefoxDriver: firefox on XP (34bb0a12-7fa5-49a8-b5d0-dad1a8d2e186)] -> id: username]
2017-11-05 23:10:37 INFO  HomePage: 81 - entered password and object is: [[FirefoxDriver: firefox on XP (34bb0a12-7fa5-49a8-b5d0-dad1a8d2e186)] -> id: password]
2017-11-05 23:10:43 INFO  HomePage: 83 - clicked on signin button and object is: [[FirefoxDriver: firefox on XP (34bb0a12-7fa5-49a8-b5d0-dad1a8d2e186)] -> id: singlebutton]
2017-11-05 23:10:43 INFO  TestBase: 37 - ===========Starting ValidLogin Test================= 
2017-11-05 23:10:47 INFO  HomePage: 77 - clicked on login and object is: [[FirefoxDriver: firefox on XP (34bb0a12-7fa5-49a8-b5d0-dad1a8d2e186)] -> class name: login-button]
2017-11-05 23:10:47 INFO  HomePage: 79 - entered email address and object is: [[FirefoxDriver: firefox on XP (34bb0a12-7fa5-49a8-b5d0-dad1a8d2e186)] -> id: username]
2017-11-05 23:10:47 INFO  HomePage: 81 - entered password and object is: [[FirefoxDriver: firefox on XP (34bb0a12-7fa5-49a8-b5d0-dad1a8d2e186)] -> id: password]
2017-11-05 23:10:52 INFO  HomePage: 83 - clicked on signin button and object is: [[FirefoxDriver: firefox on XP (34bb0a12-7fa5-49a8-b5d0-dad1a8d2e186)] -> id: singlebutton]
2017-11-05 23:13:25 INFO  TestBase: 37 - ===========Starting ValidLogin Test================= 
2017-11-05 23:13:29 INFO  HomePage: 77 - clicked on login and object is: [[FirefoxDriver: firefox on XP (7e1e81ad-b8d8-44c6-a5e2-28aeb276830a)] -> class name: login-button]
2017-11-05 23:13:29 INFO  HomePage: 79 - entered email address and object is: [[FirefoxDriver: firefox on XP (7e1e81ad-b8d8-44c6-a5e2-28aeb276830a)] -> id: username]
2017-11-05 23:13:29 INFO  HomePage: 81 - entered password and object is: [[FirefoxDriver: firefox on XP (7e1e81ad-b8d8-44c6-a5e2-28aeb276830a)] -> id: password]
2017-11-05 23:13:34 INFO  HomePage: 83 - clicked on signin button and object is: [[FirefoxDriver: firefox on XP (7e1e81ad-b8d8-44c6-a5e2-28aeb276830a)] -> id: singlebutton]
2017-11-05 23:13:34 INFO  TestBase: 37 - ===========Starting ValidLogin Test================= 
2017-11-05 23:13:38 INFO  HomePage: 77 - clicked on login and object is: [[FirefoxDriver: firefox on XP (7e1e81ad-b8d8-44c6-a5e2-28aeb276830a)] -> class name: login-button]
2017-11-05 23:13:38 INFO  HomePage: 79 - entered email address and object is: [[FirefoxDriver: firefox on XP (7e1e81ad-b8d8-44c6-a5e2-28aeb276830a)] -> id: username]
2017-11-05 23:13:38 INFO  HomePage: 81 - entered password and object is: [[FirefoxDriver: firefox on XP (7e1e81ad-b8d8-44c6-a5e2-28aeb276830a)] -> id: password]
2017-11-05 23:13:43 INFO  HomePage: 83 - clicked on signin button and object is: [[FirefoxDriver: firefox on XP (7e1e81ad-b8d8-44c6-a5e2-28aeb276830a)] -> id: singlebutton]
2017-11-05 23:13:43 INFO  TestBase: 37 - ===========Starting ValidLogin Test================= 
2017-11-05 23:13:46 INFO  HomePage: 77 - clicked on login and object is: [[FirefoxDriver: firefox on XP (7e1e81ad-b8d8-44c6-a5e2-28aeb276830a)] -> class name: login-button]
2017-11-05 23:13:47 INFO  HomePage: 79 - entered email address and object is: [[FirefoxDriver: firefox on XP (7e1e81ad-b8d8-44c6-a5e2-28aeb276830a)] -> id: username]
2017-11-05 23:13:47 INFO  HomePage: 81 - entered password and object is: [[FirefoxDriver: firefox on XP (7e1e81ad-b8d8-44c6-a5e2-28aeb276830a)] -> id: password]
2017-11-05 23:13:52 INFO  HomePage: 83 - clicked on signin button and object is: [[FirefoxDriver: firefox on XP (7e1e81ad-b8d8-44c6-a5e2-28aeb276830a)] -> id: singlebutton]
2017-11-05 23:13:52 INFO  TestBase: 37 - ===========Starting ValidLogin Test================= 
2017-11-05 23:13:55 INFO  HomePage: 77 - clicked on login and object is: [[FirefoxDriver: firefox on XP (7e1e81ad-b8d8-44c6-a5e2-28aeb276830a)] -> class name: login-button]
2017-11-05 23:13:55 INFO  HomePage: 79 - entered email address and object is: [[FirefoxDriver: firefox on XP (7e1e81ad-b8d8-44c6-a5e2-28aeb276830a)] -> id: username]
2017-11-05 23:13:55 INFO  HomePage: 81 - entered password and object is: [[FirefoxDriver: firefox on XP (7e1e81ad-b8d8-44c6-a5e2-28aeb276830a)] -> id: password]
2017-11-05 23:14:01 INFO  HomePage: 83 - clicked on signin button and object is: [[FirefoxDriver: firefox on XP (7e1e81ad-b8d8-44c6-a5e2-28aeb276830a)] -> id: singlebutton]
2017-11-05 23:14:01 INFO  TestBase: 37 - ===========Starting ValidLogin Test================= 
2017-11-05 23:14:04 INFO  HomePage: 77 - clicked on login and object is: [[FirefoxDriver: firefox on XP (7e1e81ad-b8d8-44c6-a5e2-28aeb276830a)] -> class name: login-button]
2017-11-05 23:14:04 INFO  HomePage: 79 - entered email address and object is: [[FirefoxDriver: firefox on XP (7e1e81ad-b8d8-44c6-a5e2-28aeb276830a)] -> id: username]
2017-11-05 23:14:04 INFO  HomePage: 81 - entered password and object is: [[FirefoxDriver: firefox on XP (7e1e81ad-b8d8-44c6-a5e2-28aeb276830a)] -> id: password]
2017-11-05 23:14:09 INFO  HomePage: 83 - clicked on signin button and object is: [[FirefoxDriver: firefox on XP (7e1e81ad-b8d8-44c6-a5e2-28aeb276830a)] -> id: singlebutton]
2017-11-05 23:19:00 INFO  TestBase: 37 - ===========Starting ValidLogin Test================= 
2017-11-05 23:19:04 INFO  HomePage: 77 - clicked on login and object is: [[FirefoxDriver: firefox on XP (0be9f425-24a9-4203-86af-26f4778144e9)] -> class name: login-button]
2017-11-05 23:19:04 INFO  HomePage: 79 - entered email address and object is: [[FirefoxDriver: firefox on XP (0be9f425-24a9-4203-86af-26f4778144e9)] -> id: username]
2017-11-05 23:19:04 INFO  HomePage: 81 - entered password and object is: [[FirefoxDriver: firefox on XP (0be9f425-24a9-4203-86af-26f4778144e9)] -> id: password]
2017-11-05 23:19:08 INFO  HomePage: 83 - clicked on signin button and object is: [[FirefoxDriver: firefox on XP (0be9f425-24a9-4203-86af-26f4778144e9)] -> id: singlebutton]
2017-11-05 23:19:08 INFO  TestBase: 37 - ===========Starting ValidLogin Test================= 
2017-11-05 23:19:12 INFO  HomePage: 77 - clicked on login and object is: [[FirefoxDriver: firefox on XP (0be9f425-24a9-4203-86af-26f4778144e9)] -> class name: login-button]
2017-11-05 23:19:12 INFO  HomePage: 79 - entered email address and object is: [[FirefoxDriver: firefox on XP (0be9f425-24a9-4203-86af-26f4778144e9)] -> id: username]
2017-11-05 23:19:12 INFO  HomePage: 81 - entered password and object is: [[FirefoxDriver: firefox on XP (0be9f425-24a9-4203-86af-26f4778144e9)] -> id: password]
2017-11-05 23:19:17 INFO  HomePage: 83 - clicked on signin button and object is: [[FirefoxDriver: firefox on XP (0be9f425-24a9-4203-86af-26f4778144e9)] -> id: singlebutton]
2017-11-05 23:19:17 INFO  TestBase: 37 - ===========Starting ValidLogin Test================= 
2017-11-05 23:19:20 INFO  HomePage: 77 - clicked on login and object is: [[FirefoxDriver: firefox on XP (0be9f425-24a9-4203-86af-26f4778144e9)] -> class name: login-button]
2017-11-05 23:19:20 INFO  HomePage: 79 - entered email address and object is: [[FirefoxDriver: firefox on XP (0be9f425-24a9-4203-86af-26f4778144e9)] -> id: username]
2017-11-05 23:19:20 INFO  HomePage: 81 - entered password and object is: [[FirefoxDriver: firefox on XP (0be9f425-24a9-4203-86af-26f4778144e9)] -> id: password]
2017-11-05 23:19:25 INFO  HomePage: 83 - clicked on signin button and object is: [[FirefoxDriver: firefox on XP (0be9f425-24a9-4203-86af-26f4778144e9)] -> id: singlebutton]
2017-11-05 23:19:25 INFO  TestBase: 37 - ===========Starting ValidLogin Test================= 
2017-11-05 23:19:28 INFO  HomePage: 77 - clicked on login and object is: [[FirefoxDriver: firefox on XP (0be9f425-24a9-4203-86af-26f4778144e9)] -> class name: login-button]
2017-11-05 23:19:28 INFO  HomePage: 79 - entered email address and object is: [[FirefoxDriver: firefox on XP (0be9f425-24a9-4203-86af-26f4778144e9)] -> id: username]
2017-11-05 23:19:28 INFO  HomePage: 81 - entered password and object is: [[FirefoxDriver: firefox on XP (0be9f425-24a9-4203-86af-26f4778144e9)] -> id: password]
2017-11-05 23:19:33 INFO  HomePage: 83 - clicked on signin button and object is: [[FirefoxDriver: firefox on XP (0be9f425-24a9-4203-86af-26f4778144e9)] -> id: singlebutton]
2017-11-05 23:19:33 INFO  TestBase: 37 - ===========Starting ValidLogin Test================= 
2017-11-05 23:19:36 INFO  HomePage: 77 - clicked on login and object is: [[FirefoxDriver: firefox on XP (0be9f425-24a9-4203-86af-26f4778144e9)] -> class name: login-button]
2017-11-05 23:19:37 INFO  HomePage: 79 - entered email address and object is: [[FirefoxDriver: firefox on XP (0be9f425-24a9-4203-86af-26f4778144e9)] -> id: username]
2017-11-05 23:19:37 INFO  HomePage: 81 - entered password and object is: [[FirefoxDriver: firefox on XP (0be9f425-24a9-4203-86af-26f4778144e9)] -> id: password]
2017-11-05 23:19:41 INFO  HomePage: 83 - clicked on signin button and object is: [[FirefoxDriver: firefox on XP (0be9f425-24a9-4203-86af-26f4778144e9)] -> id: singlebutton]
2017-11-05 23:20:43 INFO  TestBase: 37 - ===========Starting ValidLogin Test================= 
2017-11-05 23:20:47 INFO  HomePage: 77 - clicked on login and object is: [[FirefoxDriver: firefox on XP (020562d2-c8fa-4905-9a09-35a1b20ba55f)] -> class name: login-button]
2017-11-05 23:20:47 INFO  HomePage: 79 - entered email address and object is: [[FirefoxDriver: firefox on XP (020562d2-c8fa-4905-9a09-35a1b20ba55f)] -> id: username]
2017-11-05 23:20:47 INFO  HomePage: 81 - entered password and object is: [[FirefoxDriver: firefox on XP (020562d2-c8fa-4905-9a09-35a1b20ba55f)] -> id: password]
2017-11-05 23:21:06 INFO  HomePage: 83 - clicked on signin button and object is: Proxy element for: DefaultElementLocator 'By.id: singlebutton'
2017-11-05 23:21:06 INFO  TestBase: 37 - ===========Starting ValidLogin Test================= 
2017-11-05 23:21:21 INFO  TestBase: 37 - ===========Starting ValidLogin Test================= 
2017-11-05 23:21:37 INFO  TestBase: 37 - ===========Starting ValidLogin Test================= 
2017-11-05 23:21:52 INFO  TestBase: 37 - ===========Starting ValidLogin Test================= 
2017-11-05 23:25:59 INFO  TestBase: 38 - ===========Starting ValidLogin Test================= 
2017-11-05 23:26:03 INFO  HomePage: 77 - clicked on login and object is: [[FirefoxDriver: firefox on XP (84e0b0eb-4987-4563-a44e-837562421d46)] -> class name: login-button]
2017-11-05 23:26:03 INFO  HomePage: 79 - entered email address and object is: [[FirefoxDriver: firefox on XP (84e0b0eb-4987-4563-a44e-837562421d46)] -> id: username]
2017-11-05 23:26:04 INFO  HomePage: 81 - entered password and object is: [[FirefoxDriver: firefox on XP (84e0b0eb-4987-4563-a44e-837562421d46)] -> id: password]
2017-11-05 23:26:23 INFO  HomePage: 83 - clicked on signin button and object is: Proxy element for: DefaultElementLocator 'By.id: singlebutton'
2017-11-05 23:26:23 INFO  TestBase: 38 - ===========Starting ValidLogin Test================= 
2017-11-05 23:29:08 INFO  TestBase: 38 - ===========Starting ValidLogin Test================= 
2017-11-05 23:29:12 INFO  HomePage: 77 - clicked on login and object is: [[FirefoxDriver: firefox on XP (32072f7f-79f5-4743-b82c-005021b592b5)] -> class name: login-button]
2017-11-05 23:29:12 INFO  HomePage: 79 - entered email address and object is: [[FirefoxDriver: firefox on XP (32072f7f-79f5-4743-b82c-005021b592b5)] -> id: username]
2017-11-05 23:29:12 INFO  HomePage: 81 - entered password and object is: [[FirefoxDriver: firefox on XP (32072f7f-79f5-4743-b82c-005021b592b5)] -> id: password]
2017-11-05 23:29:17 INFO  HomePage: 83 - clicked on signin button and object is: [[FirefoxDriver: firefox on XP (32072f7f-79f5-4743-b82c-005021b592b5)] -> id: singlebutton]
2017-11-05 23:29:17 INFO  TestBase: 38 - ===========Starting ValidLogin Test================= 
2017-11-05 23:30:04 INFO  TestBase: 38 - ===========Starting ValidLogin Test================= 
2017-11-05 23:30:07 INFO  HomePage: 77 - clicked on login and object is: [[FirefoxDriver: firefox on XP (3af544ad-9f04-4751-bacf-90a5928072f0)] -> class name: login-button]
2017-11-05 23:30:07 INFO  HomePage: 79 - entered email address and object is: [[FirefoxDriver: firefox on XP (3af544ad-9f04-4751-bacf-90a5928072f0)] -> id: username]
2017-11-05 23:30:08 INFO  HomePage: 81 - entered password and object is: [[FirefoxDriver: firefox on XP (3af544ad-9f04-4751-bacf-90a5928072f0)] -> id: password]
2017-11-05 23:30:12 INFO  HomePage: 83 - clicked on signin button and object is: [[FirefoxDriver: firefox on XP (3af544ad-9f04-4751-bacf-90a5928072f0)] -> id: singlebutton]
2017-11-05 23:30:12 INFO  TestBase: 38 - ===========Starting ValidLogin Test================= 
2017-11-05 23:30:18 INFO  HomePage: 77 - clicked on login and object is: [[FirefoxDriver: firefox on XP (3af544ad-9f04-4751-bacf-90a5928072f0)] -> class name: login-button]
2017-11-05 23:30:18 INFO  HomePage: 79 - entered email address and object is: [[FirefoxDriver: firefox on XP (3af544ad-9f04-4751-bacf-90a5928072f0)] -> id: username]
2017-11-05 23:30:18 INFO  HomePage: 81 - entered password and object is: [[FirefoxDriver: firefox on XP (3af544ad-9f04-4751-bacf-90a5928072f0)] -> id: password]
2017-11-05 23:30:23 INFO  HomePage: 83 - clicked on signin button and object is: [[FirefoxDriver: firefox on XP (3af544ad-9f04-4751-bacf-90a5928072f0)] -> id: singlebutton]
2017-11-05 23:30:23 INFO  TestBase: 38 - ===========Starting ValidLogin Test================= 
2017-11-05 23:30:26 INFO  HomePage: 77 - clicked on login and object is: [[FirefoxDriver: firefox on XP (3af544ad-9f04-4751-bacf-90a5928072f0)] -> class name: login-button]
2017-11-05 23:30:27 INFO  HomePage: 79 - entered email address and object is: [[FirefoxDriver: firefox on XP (3af544ad-9f04-4751-bacf-90a5928072f0)] -> id: username]
2017-11-05 23:30:27 INFO  HomePage: 81 - entered password and object is: [[FirefoxDriver: firefox on XP (3af544ad-9f04-4751-bacf-90a5928072f0)] -> id: password]
2017-11-05 23:30:32 INFO  HomePage: 83 - clicked on signin button and object is: [[FirefoxDriver: firefox on XP (3af544ad-9f04-4751-bacf-90a5928072f0)] -> id: singlebutton]
2017-11-05 23:30:32 INFO  TestBase: 38 - ===========Starting ValidLogin Test================= 
2017-11-05 23:30:35 INFO  HomePage: 77 - clicked on login and object is: [[FirefoxDriver: firefox on XP (3af544ad-9f04-4751-bacf-90a5928072f0)] -> class name: login-button]
2017-11-05 23:30:36 INFO  HomePage: 79 - entered email address and object is: [[FirefoxDriver: firefox on XP (3af544ad-9f04-4751-bacf-90a5928072f0)] -> id: username]
2017-11-05 23:30:36 INFO  HomePage: 81 - entered password and object is: [[FirefoxDriver: firefox on XP (3af544ad-9f04-4751-bacf-90a5928072f0)] -> id: password]
2017-11-05 23:30:40 INFO  HomePage: 83 - clicked on signin button and object is: [[FirefoxDriver: firefox on XP (3af544ad-9f04-4751-bacf-90a5928072f0)] -> id: singlebutton]
2017-11-05 23:30:40 INFO  TestBase: 38 - ===========Starting ValidLogin Test================= 
2017-11-05 23:30:44 INFO  HomePage: 77 - clicked on login and object is: [[FirefoxDriver: firefox on XP (3af544ad-9f04-4751-bacf-90a5928072f0)] -> class name: login-button]
2017-11-05 23:30:44 INFO  HomePage: 79 - entered email address and object is: [[FirefoxDriver: firefox on XP (3af544ad-9f04-4751-bacf-90a5928072f0)] -> id: username]
2017-11-05 23:30:44 INFO  HomePage: 81 - entered password and object is: [[FirefoxDriver: firefox on XP (3af544ad-9f04-4751-bacf-90a5928072f0)] -> id: password]
2017-11-05 23:31:03 INFO  HomePage: 83 - clicked on signin button and object is: Proxy element for: DefaultElementLocator 'By.id: singlebutton'
2017-11-06 22:03:01 INFO  TestBase: 39 - ===========Starting VerifyLoginWithDifferentData Test================= 
2017-11-06 22:03:05 INFO  HomePage: 77 - clicked on login and object is: [[FirefoxDriver: firefox on XP (7d89ffae-81f8-4467-839a-8e89c99c63f2)] -> class name: login-button]
2017-11-06 22:03:05 INFO  HomePage: 79 - entered email address and object is: [[FirefoxDriver: firefox on XP (7d89ffae-81f8-4467-839a-8e89c99c63f2)] -> id: username]
2017-11-06 22:03:05 INFO  HomePage: 81 - entered password and object is: [[FirefoxDriver: firefox on XP (7d89ffae-81f8-4467-839a-8e89c99c63f2)] -> id: password]
2017-11-06 22:03:10 INFO  HomePage: 83 - clicked on signin button and object is: [[FirefoxDriver: firefox on XP (7d89ffae-81f8-4467-839a-8e89c99c63f2)] -> id: singlebutton]
2017-11-06 22:03:25 INFO  TestBase: 44 - ===========ending VerifyLoginWithDifferentData Test================= 
2017-11-06 22:03:25 INFO  TestBase: 39 - ===========Starting VerifyLoginWithDifferentData Test================= 
2017-11-06 22:03:29 INFO  HomePage: 77 - clicked on login and object is: [[FirefoxDriver: firefox on XP (7d89ffae-81f8-4467-839a-8e89c99c63f2)] -> class name: login-button]
2017-11-06 22:03:29 INFO  HomePage: 79 - entered email address and object is: [[FirefoxDriver: firefox on XP (7d89ffae-81f8-4467-839a-8e89c99c63f2)] -> id: username]
2017-11-06 22:03:29 INFO  HomePage: 81 - entered password and object is: [[FirefoxDriver: firefox on XP (7d89ffae-81f8-4467-839a-8e89c99c63f2)] -> id: password]
2017-11-06 22:03:33 INFO  HomePage: 83 - clicked on signin button and object is: [[FirefoxDriver: firefox on XP (7d89ffae-81f8-4467-839a-8e89c99c63f2)] -> id: singlebutton]
2017-11-06 22:03:49 INFO  TestBase: 44 - ===========ending VerifyLoginWithDifferentData Test================= 
2017-11-06 22:03:49 INFO  TestBase: 39 - ===========Starting VerifyLoginWithDifferentData Test================= 
2017-11-06 22:03:52 INFO  HomePage: 77 - clicked on login and object is: [[FirefoxDriver: firefox on XP (7d89ffae-81f8-4467-839a-8e89c99c63f2)] -> class name: login-button]
2017-11-06 22:03:52 INFO  HomePage: 79 - entered email address and object is: [[FirefoxDriver: firefox on XP (7d89ffae-81f8-4467-839a-8e89c99c63f2)] -> id: username]
2017-11-06 22:03:52 INFO  HomePage: 81 - entered password and object is: [[FirefoxDriver: firefox on XP (7d89ffae-81f8-4467-839a-8e89c99c63f2)] -> id: password]
2017-11-06 22:03:57 INFO  HomePage: 83 - clicked on signin button and object is: [[FirefoxDriver: firefox on XP (7d89ffae-81f8-4467-839a-8e89c99c63f2)] -> id: singlebutton]
2017-11-06 22:04:12 INFO  TestBase: 44 - ===========ending VerifyLoginWithDifferentData Test================= 
2017-11-06 22:04:12 INFO  TestBase: 39 - ===========Starting VerifyLoginWithDifferentData Test================= 
2017-11-06 22:04:16 INFO  HomePage: 77 - clicked on login and object is: [[FirefoxDriver: firefox on XP (7d89ffae-81f8-4467-839a-8e89c99c63f2)] -> class name: login-button]
2017-11-06 22:04:16 INFO  HomePage: 79 - entered email address and object is: [[FirefoxDriver: firefox on XP (7d89ffae-81f8-4467-839a-8e89c99c63f2)] -> id: username]
2017-11-06 22:04:16 INFO  HomePage: 81 - entered password and object is: [[FirefoxDriver: firefox on XP (7d89ffae-81f8-4467-839a-8e89c99c63f2)] -> id: password]
2017-11-06 22:04:22 INFO  HomePage: 83 - clicked on signin button and object is: [[FirefoxDriver: firefox on XP (7d89ffae-81f8-4467-839a-8e89c99c63f2)] -> id: singlebutton]
2017-11-06 22:04:37 INFO  TestBase: 44 - ===========ending VerifyLoginWithDifferentData Test================= 
2017-11-06 22:04:37 INFO  TestBase: 39 - ===========Starting VerifyLoginWithDifferentData Test================= 
2017-11-06 22:04:40 INFO  HomePage: 77 - clicked on login and object is: [[FirefoxDriver: firefox on XP (7d89ffae-81f8-4467-839a-8e89c99c63f2)] -> class name: login-button]
2017-11-06 22:04:40 INFO  HomePage: 79 - entered email address and object is: [[FirefoxDriver: firefox on XP (7d89ffae-81f8-4467-839a-8e89c99c63f2)] -> id: username]
2017-11-06 22:04:40 INFO  HomePage: 81 - entered password and object is: [[FirefoxDriver: firefox on XP (7d89ffae-81f8-4467-839a-8e89c99c63f2)] -> id: password]
2017-11-06 22:05:00 INFO  HomePage: 83 - clicked on signin button and object is: Proxy element for: DefaultElementLocator 'By.id: singlebutton'
2017-11-06 22:11:37 INFO  TestBase: 39 - ===========Starting VerifyLoginWithDifferentData Test================= 
2017-11-06 22:11:40 INFO  HomePage: 77 - clicked on login and object is: [[FirefoxDriver: firefox on XP (fb0f5ca7-7390-4ab9-b0d3-c6136f0ea942)] -> class name: login-button]
2017-11-06 22:11:40 INFO  HomePage: 79 - entered email address and object is: [[FirefoxDriver: firefox on XP (fb0f5ca7-7390-4ab9-b0d3-c6136f0ea942)] -> id: username]
2017-11-06 22:11:41 INFO  HomePage: 81 - entered password and object is: [[FirefoxDriver: firefox on XP (fb0f5ca7-7390-4ab9-b0d3-c6136f0ea942)] -> id: password]
2017-11-06 22:11:45 INFO  HomePage: 83 - clicked on signin button and object is: [[FirefoxDriver: firefox on XP (fb0f5ca7-7390-4ab9-b0d3-c6136f0ea942)] -> id: singlebutton]
2017-11-06 22:12:01 INFO  TestBase: 44 - ===========ending VerifyLoginWithDifferentData Test================= 
2017-11-06 22:12:01 INFO  TestBase: 39 - ===========Starting VerifyLoginWithDifferentData Test================= 
2017-11-06 22:12:04 INFO  HomePage: 77 - clicked on login and object is: [[FirefoxDriver: firefox on XP (fb0f5ca7-7390-4ab9-b0d3-c6136f0ea942)] -> class name: login-button]
2017-11-06 22:12:04 INFO  HomePage: 79 - entered email address and object is: [[FirefoxDriver: firefox on XP (fb0f5ca7-7390-4ab9-b0d3-c6136f0ea942)] -> id: username]
2017-11-06 22:12:04 INFO  HomePage: 81 - entered password and object is: [[FirefoxDriver: firefox on XP (fb0f5ca7-7390-4ab9-b0d3-c6136f0ea942)] -> id: password]
2017-11-06 22:12:23 INFO  HomePage: 83 - clicked on signin button and object is: Proxy element for: DefaultElementLocator 'By.id: singlebutton'
2017-11-06 22:15:27 INFO  TestBase: 39 - ===========Starting VerifyLoginWithDifferentData Test================= 
2017-11-06 22:15:30 INFO  HomePage: 77 - clicked on login and object is: [[FirefoxDriver: firefox on XP (8d97b34c-2332-4d6a-80f3-7c2025f508a6)] -> class name: login-button]
2017-11-06 22:15:31 INFO  HomePage: 79 - entered email address and object is: [[FirefoxDriver: firefox on XP (8d97b34c-2332-4d6a-80f3-7c2025f508a6)] -> id: username]
2017-11-06 22:15:31 INFO  HomePage: 81 - entered password and object is: [[FirefoxDriver: firefox on XP (8d97b34c-2332-4d6a-80f3-7c2025f508a6)] -> id: password]
2017-11-06 22:15:36 INFO  HomePage: 83 - clicked on signin button and object is: [[FirefoxDriver: firefox on XP (8d97b34c-2332-4d6a-80f3-7c2025f508a6)] -> id: singlebutton]
2017-11-06 22:15:51 INFO  TestBase: 44 - ===========ending VerifyLoginWithDifferentData Test================= 
2017-11-06 22:15:51 INFO  TestBase: 39 - ===========Starting VerifyLoginWithDifferentData Test================= 
2017-11-06 22:15:55 INFO  HomePage: 77 - clicked on login and object is: [[FirefoxDriver: firefox on XP (8d97b34c-2332-4d6a-80f3-7c2025f508a6)] -> class name: login-button]
2017-11-06 22:15:55 INFO  HomePage: 79 - entered email address and object is: [[FirefoxDriver: firefox on XP (8d97b34c-2332-4d6a-80f3-7c2025f508a6)] -> id: username]
2017-11-06 22:15:55 INFO  HomePage: 81 - entered password and object is: [[FirefoxDriver: firefox on XP (8d97b34c-2332-4d6a-80f3-7c2025f508a6)] -> id: password]
2017-11-06 22:16:14 INFO  HomePage: 83 - clicked on signin button and object is: Proxy element for: DefaultElementLocator 'By.id: singlebutton'
2017-11-06 22:19:08 INFO  TestBase: 39 - ===========Starting VerifyLoginWithDifferentData Test================= 
2017-11-06 22:19:12 INFO  HomePage: 77 - clicked on login and object is: [[FirefoxDriver: firefox on XP (66bc4c7e-8f3c-431d-bec3-671cceb6a44d)] -> class name: login-button]
2017-11-06 22:19:12 INFO  HomePage: 79 - entered email address and object is: [[FirefoxDriver: firefox on XP (66bc4c7e-8f3c-431d-bec3-671cceb6a44d)] -> id: username]
2017-11-06 22:19:12 INFO  HomePage: 81 - entered password and object is: [[FirefoxDriver: firefox on XP (66bc4c7e-8f3c-431d-bec3-671cceb6a44d)] -> id: password]
2017-11-06 22:19:17 INFO  HomePage: 83 - clicked on signin button and object is: [[FirefoxDriver: firefox on XP (66bc4c7e-8f3c-431d-bec3-671cceb6a44d)] -> id: singlebutton]
2017-11-06 22:19:33 INFO  TestBase: 44 - ===========ending VerifyLoginWithDifferentData Test================= 
2017-11-06 22:19:33 INFO  TestBase: 39 - ===========Starting VerifyLoginWithDifferentData Test================= 
2017-11-06 22:19:36 INFO  HomePage: 77 - clicked on login and object is: [[FirefoxDriver: firefox on XP (66bc4c7e-8f3c-431d-bec3-671cceb6a44d)] -> class name: login-button]
2017-11-06 22:19:36 INFO  HomePage: 79 - entered email address and object is: [[FirefoxDriver: firefox on XP (66bc4c7e-8f3c-431d-bec3-671cceb6a44d)] -> id: username]
2017-11-06 22:19:36 INFO  HomePage: 81 - entered password and object is: [[FirefoxDriver: firefox on XP (66bc4c7e-8f3c-431d-bec3-671cceb6a44d)] -> id: password]
2017-11-06 22:19:55 INFO  HomePage: 83 - clicked on signin button and object is: Proxy element for: DefaultElementLocator 'By.id: singlebutton'
2017-11-06 22:26:11 INFO  TestBase: 38 - ===========Starting VerifyLoginWithDifferentData Test================= 
2017-11-06 22:26:14 INFO  HomePage: 77 - clicked on login and object is: [[FirefoxDriver: firefox on XP (3e4b5a4c-7394-491a-9f4a-3d5a93f1bcbd)] -> class name: login-button]
2017-11-06 22:26:14 INFO  HomePage: 79 - entered email address and object is: [[FirefoxDriver: firefox on XP (3e4b5a4c-7394-491a-9f4a-3d5a93f1bcbd)] -> id: username]
2017-11-06 22:26:14 INFO  HomePage: 81 - entered password and object is: [[FirefoxDriver: firefox on XP (3e4b5a4c-7394-491a-9f4a-3d5a93f1bcbd)] -> id: password]
2017-11-06 22:26:19 INFO  HomePage: 83 - clicked on signin button and object is: [[FirefoxDriver: firefox on XP (3e4b5a4c-7394-491a-9f4a-3d5a93f1bcbd)] -> id: singlebutton]
2017-11-06 22:26:34 INFO  TestBase: 38 - ===========Starting VerifyLoginWithDifferentData Test================= 
2017-11-06 22:26:37 INFO  HomePage: 77 - clicked on login and object is: [[FirefoxDriver: firefox on XP (3e4b5a4c-7394-491a-9f4a-3d5a93f1bcbd)] -> class name: login-button]
2017-11-06 22:26:38 INFO  HomePage: 79 - entered email address and object is: [[FirefoxDriver: firefox on XP (3e4b5a4c-7394-491a-9f4a-3d5a93f1bcbd)] -> id: username]
2017-11-06 22:26:38 INFO  HomePage: 81 - entered password and object is: [[FirefoxDriver: firefox on XP (3e4b5a4c-7394-491a-9f4a-3d5a93f1bcbd)] -> id: password]
2017-11-06 22:26:57 INFO  HomePage: 83 - clicked on signin button and object is: Proxy element for: DefaultElementLocator 'By.id: singlebutton'
2017-11-06 22:26:57 INFO  TestBase: 43 - ===========ending VerifyLoginWithDifferentData Test================= 
2017-11-06 22:30:37 INFO  TestBase: 38 - ===========Starting VerifyLoginWithDifferentData Test================= 
2017-11-06 22:30:40 INFO  HomePage: 77 - clicked on login and object is: [[FirefoxDriver: firefox on XP (3b2e1c7d-e175-45e7-81f8-7795c81ef49c)] -> class name: login-button]
2017-11-06 22:30:41 INFO  HomePage: 79 - entered email address and object is: [[FirefoxDriver: firefox on XP (3b2e1c7d-e175-45e7-81f8-7795c81ef49c)] -> id: username]
2017-11-06 22:30:41 INFO  HomePage: 81 - entered password and object is: [[FirefoxDriver: firefox on XP (3b2e1c7d-e175-45e7-81f8-7795c81ef49c)] -> id: password]
2017-11-06 22:30:45 INFO  HomePage: 83 - clicked on signin button and object is: [[FirefoxDriver: firefox on XP (3b2e1c7d-e175-45e7-81f8-7795c81ef49c)] -> id: singlebutton]
2017-11-06 22:30:46 INFO  TestBase: 43 - ===========ending VerifyLoginWithDifferentData Test================= 
2017-11-06 22:30:46 INFO  TestBase: 38 - ===========Starting VerifyLoginWithDifferentData Test================= 
2017-11-06 22:30:49 INFO  HomePage: 77 - clicked on login and object is: [[FirefoxDriver: firefox on XP (3b2e1c7d-e175-45e7-81f8-7795c81ef49c)] -> class name: login-button]
2017-11-06 22:30:49 INFO  HomePage: 79 - entered email address and object is: [[FirefoxDriver: firefox on XP (3b2e1c7d-e175-45e7-81f8-7795c81ef49c)] -> id: username]
2017-11-06 22:30:49 INFO  HomePage: 81 - entered password and object is: [[FirefoxDriver: firefox on XP (3b2e1c7d-e175-45e7-81f8-7795c81ef49c)] -> id: password]
2017-11-06 22:31:08 INFO  HomePage: 83 - clicked on signin button and object is: Proxy element for: DefaultElementLocator 'By.id: singlebutton'
2017-11-06 22:31:08 INFO  TestBase: 43 - ===========ending VerifyLoginWithDifferentData Test================= 
2017-11-07 22:17:31 INFO  TestBase: 22 - ===========Starting ValidLogin Test================= 
2017-11-07 22:17:35 INFO  HomePage: 77 - clicked on login and object is: [[FirefoxDriver: firefox on XP (ba36a16b-187f-43df-89a1-483a5ff507f2)] -> class name: login-button]
2017-11-07 22:17:35 INFO  HomePage: 79 - entered email address and object is: [[FirefoxDriver: firefox on XP (ba36a16b-187f-43df-89a1-483a5ff507f2)] -> id: username]
2017-11-07 22:17:35 INFO  HomePage: 81 - entered password and object is: [[FirefoxDriver: firefox on XP (ba36a16b-187f-43df-89a1-483a5ff507f2)] -> id: password]
2017-11-07 22:17:54 INFO  HomePage: 83 - clicked on signin button and object is: Proxy element for: DefaultElementLocator 'By.id: singlebutton'
2017-11-07 22:19:53 INFO  TestBase: 22 - ===========Starting ValidLogin Test================= 
2017-11-07 22:19:57 INFO  HomePage: 77 - clicked on login and object is: [[FirefoxDriver: firefox on XP (953e83c0-ea7f-4e1c-9ccf-a53c21c08af5)] -> class name: login-button]
2017-11-07 22:19:57 INFO  HomePage: 79 - entered email address and object is: [[FirefoxDriver: firefox on XP (953e83c0-ea7f-4e1c-9ccf-a53c21c08af5)] -> id: username]
2017-11-07 22:19:57 INFO  HomePage: 81 - entered password and object is: [[FirefoxDriver: firefox on XP (953e83c0-ea7f-4e1c-9ccf-a53c21c08af5)] -> id: password]
2017-11-07 22:20:16 INFO  HomePage: 83 - clicked on signin button and object is: Proxy element for: DefaultElementLocator 'By.id: singlebutton'
2017-11-07 22:21:42 INFO  TestBase: 22 - ===========Starting ValidLogin Test================= 
2017-11-07 22:21:46 INFO  HomePage: 77 - clicked on login and object is: [[FirefoxDriver: firefox on XP (2a6f3aca-73c7-4b57-b897-0efa7c7f4e24)] -> class name: login-button]
2017-11-07 22:21:46 INFO  HomePage: 79 - entered email address and object is: [[FirefoxDriver: firefox on XP (2a6f3aca-73c7-4b57-b897-0efa7c7f4e24)] -> id: username]
2017-11-07 22:21:46 INFO  HomePage: 81 - entered password and object is: [[FirefoxDriver: firefox on XP (2a6f3aca-73c7-4b57-b897-0efa7c7f4e24)] -> id: password]
2017-11-07 22:22:05 INFO  HomePage: 83 - clicked on signin button and object is: Proxy element for: DefaultElementLocator 'By.id: singlebutton'
2017-11-07 22:29:36 INFO  TestBase: 22 - ===========Starting ValidLogin Test================= 
2017-11-07 22:29:40 INFO  HomePage: 77 - clicked on login and object is: [[FirefoxDriver: firefox on XP (d2f00fc0-ab9e-4e00-9d95-9f75294df90f)] -> class name: login-button]
2017-11-07 22:29:40 INFO  HomePage: 79 - entered email address and object is: [[FirefoxDriver: firefox on XP (d2f00fc0-ab9e-4e00-9d95-9f75294df90f)] -> id: username]
2017-11-07 22:29:40 INFO  HomePage: 81 - entered password and object is: [[FirefoxDriver: firefox on XP (d2f00fc0-ab9e-4e00-9d95-9f75294df90f)] -> id: password]
2017-11-07 22:29:59 INFO  HomePage: 83 - clicked on signin button and object is: Proxy element for: DefaultElementLocator 'By.id: singlebutton'
2017-11-07 22:29:59 INFO  HomePage: 135 - clicked on : Test Plannavigation manu
2017-11-07 22:30:00 INFO  HomePage: 135 - clicked on : Test Setupnavigation manu
2017-11-07 22:34:19 INFO  TestBase: 22 - ===========Starting ValidLogin Test================= 
2017-11-07 22:34:24 INFO  HomePage: 77 - clicked on login and object is: [[FirefoxDriver: firefox on XP (9ff51a20-9c63-4d6f-87ab-e2e1bed6a701)] -> class name: login-button]
2017-11-07 22:34:24 INFO  HomePage: 79 - entered email address and object is: [[FirefoxDriver: firefox on XP (9ff51a20-9c63-4d6f-87ab-e2e1bed6a701)] -> id: username]
2017-11-07 22:34:24 INFO  HomePage: 81 - entered password and object is: [[FirefoxDriver: firefox on XP (9ff51a20-9c63-4d6f-87ab-e2e1bed6a701)] -> id: password]
2017-11-07 22:34:43 INFO  HomePage: 83 - clicked on signin button and object is: Proxy element for: DefaultElementLocator 'By.id: singlebutton'
2017-11-07 22:34:44 INFO  HomePage: 135 - clicked on : 'Test Plan' navigation manu
2017-11-07 22:34:44 INFO  HomePage: 135 - clicked on : 'Test Setup' navigation manu
2017-11-07 22:34:45 INFO  HomePage: 135 - clicked on : 'AUT' navigation manu
2017-11-07 22:36:08 INFO  TestBase: 22 - ===========Starting ValidLogin Test================= 
2017-11-07 22:36:11 INFO  HomePage: 77 - clicked on login and object is: [[FirefoxDriver: firefox on XP (4b10efa4-39e9-4b25-80d0-2804fb6072bd)] -> class name: login-button]
2017-11-07 22:36:11 INFO  HomePage: 79 - entered email address and object is: [[FirefoxDriver: firefox on XP (4b10efa4-39e9-4b25-80d0-2804fb6072bd)] -> id: username]
2017-11-07 22:36:11 INFO  HomePage: 81 - entered password and object is: [[FirefoxDriver: firefox on XP (4b10efa4-39e9-4b25-80d0-2804fb6072bd)] -> id: password]
2017-11-07 22:36:30 INFO  HomePage: 83 - clicked on signin button and object is: Proxy element for: DefaultElementLocator 'By.id: singlebutton'
2017-11-07 22:36:30 INFO  HomePage: 135 - clicked on : 'Test Plan' navigation manu
2017-11-07 22:36:31 INFO  HomePage: 135 - clicked on : 'Test Setup' navigation manu
2017-11-07 22:36:32 INFO  HomePage: 135 - clicked on : 'AUT' navigation manu
2017-11-17 00:09:54 INFO  TestBase: 23 - ===========Starting ValidLogin Test================= 
2017-11-17 00:09:58 INFO  HomePage: 77 - clicked on login and object is: [[FirefoxDriver: firefox on XP (c509139e-a616-46f2-b4f8-9530b61d014b)] -> class name: login-button]
2017-11-17 00:09:58 INFO  HomePage: 79 - entered email address and object is: [[FirefoxDriver: firefox on XP (c509139e-a616-46f2-b4f8-9530b61d014b)] -> id: username]
2017-11-17 00:09:58 INFO  HomePage: 81 - entered password and object is: [[FirefoxDriver: firefox on XP (c509139e-a616-46f2-b4f8-9530b61d014b)] -> id: password]
2017-11-17 00:10:17 INFO  HomePage: 83 - clicked on signin button and object is: Proxy element for: DefaultElementLocator 'By.id: singlebutton'
2017-11-17 00:10:18 INFO  HomePage: 135 - clicked on : 'Test Plan' navigation manu
2017-11-17 00:10:18 INFO  HomePage: 135 - clicked on : 'Test Setup' navigation manu
2017-11-17 00:10:19 INFO  HomePage: 135 - clicked on : 'AUT' navigation manu
2017-11-21 10:54:19 INFO  TestBase: 22 - ===========Starting ValidLogin Test================= 
2017-11-21 10:54:22 INFO  HomePage: 77 - clicked on login and object is: [[FirefoxDriver: firefox on XP (cff4c039-79ae-4d4e-832b-5d9dbc05bf7a)] -> class name: login-button]
2017-11-21 10:54:22 INFO  HomePage: 79 - entered email address and object is: [[FirefoxDriver: firefox on XP (cff4c039-79ae-4d4e-832b-5d9dbc05bf7a)] -> id: username]
2017-11-21 10:54:22 INFO  HomePage: 81 - entered password and object is: [[FirefoxDriver: firefox on XP (cff4c039-79ae-4d4e-832b-5d9dbc05bf7a)] -> id: password]
2017-11-21 10:54:42 INFO  HomePage: 83 - clicked on signin button and object is: Proxy element for: DefaultElementLocator 'By.id: singlebutton'
2017-11-21 10:54:42 INFO  HomePage: 135 - clicked on : 'Test Plan' navigation manu
2017-11-21 10:54:42 INFO  HomePage: 135 - clicked on : 'Test Setup' navigation manu
2017-11-21 10:54:43 INFO  HomePage: 135 - clicked on : 'AUT' navigation manu
2017-11-21 10:57:17 INFO  TestBase: 22 - ===========Starting ValidLogin Test================= 
2017-11-21 10:57:20 INFO  HomePage: 77 - clicked on login and object is: [[FirefoxDriver: firefox on XP (b3a11dbd-70b7-4371-af6e-77ab623c7cb6)] -> class name: login-button]
2017-11-21 10:57:20 INFO  HomePage: 79 - entered email address and object is: [[FirefoxDriver: firefox on XP (b3a11dbd-70b7-4371-af6e-77ab623c7cb6)] -> id: username]
2017-11-21 10:57:20 INFO  HomePage: 81 - entered password and object is: [[FirefoxDriver: firefox on XP (b3a11dbd-70b7-4371-af6e-77ab623c7cb6)] -> id: password]
2017-11-21 10:57:39 INFO  HomePage: 83 - clicked on signin button and object is: Proxy element for: DefaultElementLocator 'By.id: singlebutton'
2017-11-21 10:57:40 INFO  HomePage: 135 - clicked on : 'Test Plan' navigation manu
2017-11-21 10:57:40 INFO  HomePage: 135 - clicked on : 'Test Setup' navigation manu
2017-11-21 10:57:41 INFO  HomePage: 135 - clicked on : 'AUT' navigation manu
2017-11-21 23:27:21 INFO  TestBase: 22 - ===========Starting ValidLogin Test================= 
2017-11-21 23:27:24 INFO  HomePage: 77 - clicked on login and object is: [[FirefoxDriver: firefox on XP (5d83ce8a-d86c-4200-8b1e-51463b1fd3d8)] -> class name: login-button]
2017-11-21 23:27:24 INFO  HomePage: 79 - entered email address and object is: [[FirefoxDriver: firefox on XP (5d83ce8a-d86c-4200-8b1e-51463b1fd3d8)] -> id: username]
2017-11-21 23:27:25 INFO  HomePage: 81 - entered password and object is: [[FirefoxDriver: firefox on XP (5d83ce8a-d86c-4200-8b1e-51463b1fd3d8)] -> id: password]
2017-11-21 23:27:43 INFO  HomePage: 83 - clicked on signin button and object is: Proxy element for: DefaultElementLocator 'By.id: singlebutton'
2017-11-21 23:27:44 INFO  HomePage: 135 - clicked on : 'Test Plan' navigation manu
2017-11-21 23:27:44 INFO  HomePage: 135 - clicked on : 'Test Setup' navigation manu
2017-11-21 23:27:45 INFO  HomePage: 135 - clicked on : 'AUT' navigation manu
2017-11-22 09:06:30 INFO  TestBase: 22 - ===========Starting ValidLogin Test================= 
2017-11-22 09:06:35 INFO  HomePage: 77 - clicked on login and object is: [[FirefoxDriver: firefox on XP (6ee10ba7-4fa3-432e-8ad3-1669d315aac3)] -> class name: login-button]
2017-11-22 09:06:35 INFO  HomePage: 79 - entered email address and object is: [[FirefoxDriver: firefox on XP (6ee10ba7-4fa3-432e-8ad3-1669d315aac3)] -> id: username]
2017-11-22 09:06:35 INFO  HomePage: 81 - entered password and object is: [[FirefoxDriver: firefox on XP (6ee10ba7-4fa3-432e-8ad3-1669d315aac3)] -> id: password]
2017-11-22 09:07:01 INFO  HomePage: 83 - clicked on signin button and object is: Proxy element for: DefaultElementLocator 'By.id: singlebutton'
2017-11-22 09:07:01 INFO  HomePage: 135 - clicked on : 'Test Plan' navigation manu
2017-11-22 09:07:02 INFO  HomePage: 135 - clicked on : 'Test Setup' navigation manu
2017-11-22 09:07:03 INFO  HomePage: 135 - clicked on : 'AUT' navigation manu
2017-11-22 11:20:01 INFO  TestBase: 22 - ===========Starting ValidLogin Test================= 
2017-11-22 11:20:05 INFO  HomePage: 77 - clicked on login and object is: [[FirefoxDriver: firefox on XP (e6f32509-fd4b-4a03-89dc-aad63958a4c3)] -> class name: login-button]
2017-11-22 11:20:05 INFO  HomePage: 79 - entered email address and object is: [[FirefoxDriver: firefox on XP (e6f32509-fd4b-4a03-89dc-aad63958a4c3)] -> id: username]
2017-11-22 11:20:06 INFO  HomePage: 81 - entered password and object is: [[FirefoxDriver: firefox on XP (e6f32509-fd4b-4a03-89dc-aad63958a4c3)] -> id: password]
2017-11-22 11:20:27 INFO  HomePage: 83 - clicked on signin button and object is: Proxy element for: DefaultElementLocator 'By.id: singlebutton'
2017-11-22 11:20:28 INFO  HomePage: 135 - clicked on : 'Test Plan' navigation manu
2017-11-22 11:20:28 INFO  HomePage: 135 - clicked on : 'Test Setup' navigation manu
2017-11-22 11:20:29 INFO  HomePage: 135 - clicked on : 'AUT' navigation manu
2017-11-22 11:21:45 INFO  TestBase: 22 - ===========Starting ValidLogin Test================= 
2017-11-22 11:21:48 INFO  HomePage: 77 - clicked on login and object is: [[FirefoxDriver: firefox on XP (27298e14-7c82-462b-bb3e-7c4dfc62ca1f)] -> class name: login-button]
2017-11-22 11:21:48 INFO  HomePage: 79 - entered email address and object is: [[FirefoxDriver: firefox on XP (27298e14-7c82-462b-bb3e-7c4dfc62ca1f)] -> id: username]
2017-11-22 11:21:48 INFO  HomePage: 81 - entered password and object is: [[FirefoxDriver: firefox on XP (27298e14-7c82-462b-bb3e-7c4dfc62ca1f)] -> id: password]
2017-11-22 11:22:08 INFO  HomePage: 83 - clicked on signin button and object is: Proxy element for: DefaultElementLocator 'By.id: singlebutton'
2017-11-22 11:22:08 INFO  HomePage: 135 - clicked on : 'Test Plan' navigation manu
2017-11-22 11:22:08 INFO  HomePage: 135 - clicked on : 'Test Setup' navigation manu
2017-11-22 11:22:09 INFO  HomePage: 135 - clicked on : 'AUT' navigation manu
2017-11-22 11:46:53 INFO  TestBase: 22 - ===========Starting ValidLogin Test================= 
2017-11-22 11:46:57 INFO  HomePage: 77 - clicked on login and object is: [[FirefoxDriver: firefox on XP (60cd4b3d-ab22-4247-97b8-33a08337a536)] -> class name: login-button]
2017-11-22 11:46:57 INFO  HomePage: 79 - entered email address and object is: [[FirefoxDriver: firefox on XP (60cd4b3d-ab22-4247-97b8-33a08337a536)] -> id: username]
2017-11-22 11:46:57 INFO  HomePage: 81 - entered password and object is: [[FirefoxDriver: firefox on XP (60cd4b3d-ab22-4247-97b8-33a08337a536)] -> id: password]
2017-11-22 11:47:16 INFO  HomePage: 83 - clicked on signin button and object is: Proxy element for: DefaultElementLocator 'By.id: singlebutton'
2017-11-22 11:47:16 INFO  HomePage: 135 - clicked on : 'Test Plan' navigation manu
2017-11-22 11:47:17 INFO  HomePage: 135 - clicked on : 'Test Setup' navigation manu
2017-11-22 11:47:18 INFO  HomePage: 135 - clicked on : 'AUT' navigation manu
2017-11-22 11:47:19 INFO  TestBase: 50 - creating object of firefox
2017-11-22 11:47:25 INFO  TestBase: 65 - navigating to : https://anyaut.com/orange
2017-11-22 11:47:34 INFO  TC003_VerifyLoginWithInvalidData: 25 - ======Starting VerifyLoginWithInvalidData Test=======
2017-11-22 11:47:38 INFO  HomePage: 77 - clicked on login and object is: [[FirefoxDriver: firefox on XP (541bd7a8-064f-461c-bab4-ff020def4c8a)] -> class name: login-button]
2017-11-22 11:47:38 INFO  HomePage: 79 - entered email address and object is: [[FirefoxDriver: firefox on XP (541bd7a8-064f-461c-bab4-ff020def4c8a)] -> id: username]
2017-11-22 11:47:38 INFO  HomePage: 81 - entered password and object is: [[FirefoxDriver: firefox on XP (541bd7a8-064f-461c-bab4-ff020def4c8a)] -> id: password]
2017-11-22 11:47:42 INFO  HomePage: 83 - clicked on signin button and object is: [[FirefoxDriver: firefox on XP (541bd7a8-064f-461c-bab4-ff020def4c8a)] -> id: singlebutton]
2017-11-22 11:47:42 INFO  HomePage: 129 - error massage is:   Invalid Email (or) Password
2017-11-22 11:47:42 INFO  TC003_VerifyLoginWithInvalidData: 29 - ======finished VerifyLoginWithInvalidData Test=======
2017-11-22 11:47:42 INFO  TestBase: 50 - creating object of firefox
2017-11-22 11:47:48 INFO  TestBase: 65 - navigating to : https://anyaut.com/orange
2017-11-22 11:48:07 INFO  TestBase: 29 - ===========Starting CreateUserAccount Test================= 
2017-11-22 11:48:10 INFO  HomePage: 90 - clicked on Join button and object is: [[FirefoxDriver: firefox on XP (2d868c81-2a09-4c17-a1a9-c4a1bcb45d83)] -> class name: register-button]
2017-11-22 11:48:11 INFO  HomePage: 102 - clicked on proceed button and object is: [[FirefoxDriver: firefox on XP (2d868c81-2a09-4c17-a1a9-c4a1bcb45d83)] -> id: singlebutton]
2017-11-22 12:01:01 INFO  TestBase: 22 - ===========Starting ValidLogin Test================= 
2017-11-22 12:01:04 INFO  HomePage: 77 - clicked on login and object is: [[FirefoxDriver: firefox on XP (814a5ac7-5933-4092-88bc-7eb76cfa88eb)] -> class name: login-button]
2017-11-22 12:01:04 INFO  HomePage: 79 - entered email address and object is: [[FirefoxDriver: firefox on XP (814a5ac7-5933-4092-88bc-7eb76cfa88eb)] -> id: username]
2017-11-22 12:01:04 INFO  HomePage: 81 - entered password and object is: [[FirefoxDriver: firefox on XP (814a5ac7-5933-4092-88bc-7eb76cfa88eb)] -> id: password]
2017-11-22 12:01:25 INFO  HomePage: 83 - clicked on signin button and object is: Proxy element for: DefaultElementLocator 'By.id: singlebutton'
2017-11-22 12:01:25 INFO  HomePage: 135 - clicked on : 'Test Plan' navigation manu
2017-11-22 12:01:25 INFO  HomePage: 135 - clicked on : 'Test Setup' navigation manu
2017-11-22 12:01:26 INFO  HomePage: 135 - clicked on : 'AUT' navigation manu
2017-11-22 12:01:27 INFO  TestBase: 50 - creating object of firefox
2017-11-22 12:01:33 INFO  TestBase: 65 - navigating to : https://anyaut.com/orange
2017-11-22 12:01:42 INFO  TC003_VerifyLoginWithInvalidData: 25 - ======Starting VerifyLoginWithInvalidData Test=======
2017-11-22 12:01:45 INFO  HomePage: 77 - clicked on login and object is: [[FirefoxDriver: firefox on XP (4d9d5462-717e-480d-9d8f-68be306d3ea7)] -> class name: login-button]
2017-11-22 12:01:45 INFO  HomePage: 79 - entered email address and object is: [[FirefoxDriver: firefox on XP (4d9d5462-717e-480d-9d8f-68be306d3ea7)] -> id: username]
2017-11-22 12:01:45 INFO  HomePage: 81 - entered password and object is: [[FirefoxDriver: firefox on XP (4d9d5462-717e-480d-9d8f-68be306d3ea7)] -> id: password]
2017-11-22 12:01:50 INFO  HomePage: 83 - clicked on signin button and object is: [[FirefoxDriver: firefox on XP (4d9d5462-717e-480d-9d8f-68be306d3ea7)] -> id: singlebutton]
2017-11-22 12:01:51 INFO  HomePage: 129 - error massage is:   Invalid Email (or) Password
2017-11-22 12:01:51 INFO  TC003_VerifyLoginWithInvalidData: 29 - ======finished VerifyLoginWithInvalidData Test=======
2017-11-22 12:01:51 INFO  TestBase: 50 - creating object of firefox
2017-11-22 12:01:57 INFO  TestBase: 65 - navigating to : https://anyaut.com/orange
2017-11-22 12:02:05 INFO  TestBase: 29 - ===========Starting CreateUserAccount Test================= 
2017-11-22 12:02:09 INFO  HomePage: 90 - clicked on Join button and object is: [[FirefoxDriver: firefox on XP (35d1d9db-2e34-47c1-9767-ab684de5a6de)] -> class name: register-button]
2017-11-22 12:02:10 INFO  HomePage: 102 - clicked on proceed button and object is: [[FirefoxDriver: firefox on XP (35d1d9db-2e34-47c1-9767-ab684de5a6de)] -> id: singlebutton]
2017-11-22 12:12:30 INFO  TestBase: 22 - ===========Starting ValidLogin Test================= 
2017-11-22 12:12:34 INFO  HomePage: 77 - clicked on login and object is: [[FirefoxDriver: firefox on XP (e284fa10-9f9a-41d5-a7e9-18bf47d889cd)] -> class name: login-button]
2017-11-22 12:12:34 INFO  HomePage: 79 - entered email address and object is: [[FirefoxDriver: firefox on XP (e284fa10-9f9a-41d5-a7e9-18bf47d889cd)] -> id: username]
2017-11-22 12:12:34 INFO  HomePage: 81 - entered password and object is: [[FirefoxDriver: firefox on XP (e284fa10-9f9a-41d5-a7e9-18bf47d889cd)] -> id: password]
2017-11-22 12:12:56 INFO  HomePage: 83 - clicked on signin button and object is: Proxy element for: DefaultElementLocator 'By.id: singlebutton'
2017-11-22 12:12:57 INFO  HomePage: 135 - clicked on : 'Test Plan' navigation manu
2017-11-22 12:12:57 INFO  HomePage: 135 - clicked on : 'Test Setup' navigation manu
2017-11-22 12:12:59 INFO  HomePage: 135 - clicked on : 'AUT' navigation manu
2017-11-22 12:12:59 INFO  TestBase: 50 - creating object of firefox
2017-11-22 12:13:06 INFO  TestBase: 65 - navigating to : https://anyaut.com/orange
2017-11-22 12:13:12 INFO  TC003_VerifyLoginWithInvalidData: 25 - ======Starting VerifyLoginWithInvalidData Test=======
2017-11-22 12:13:15 INFO  HomePage: 77 - clicked on login and object is: [[FirefoxDriver: firefox on XP (6e35a941-1727-469f-a765-cd7c55fda080)] -> class name: login-button]
2017-11-22 12:13:15 INFO  HomePage: 79 - entered email address and object is: [[FirefoxDriver: firefox on XP (6e35a941-1727-469f-a765-cd7c55fda080)] -> id: username]
2017-11-22 12:13:16 INFO  HomePage: 81 - entered password and object is: [[FirefoxDriver: firefox on XP (6e35a941-1727-469f-a765-cd7c55fda080)] -> id: password]
2017-11-22 12:13:20 INFO  HomePage: 83 - clicked on signin button and object is: [[FirefoxDriver: firefox on XP (6e35a941-1727-469f-a765-cd7c55fda080)] -> id: singlebutton]
2017-11-22 12:13:20 INFO  HomePage: 129 - error massage is:   Invalid Email (or) Password
2017-11-22 12:13:20 INFO  TC003_VerifyLoginWithInvalidData: 29 - ======finished VerifyLoginWithInvalidData Test=======
2017-11-22 12:13:21 INFO  TestBase: 50 - creating object of firefox
2017-11-22 12:13:27 INFO  TestBase: 65 - navigating to : https://anyaut.com/orange
2017-11-22 12:13:34 INFO  TestBase: 29 - ===========Starting CreateUserAccount Test================= 
2017-11-22 12:13:37 INFO  HomePage: 90 - clicked on Join button and object is: [[FirefoxDriver: firefox on XP (05c143eb-384b-4a7f-9ffb-26e3e93fa284)] -> class name: register-button]
2017-11-22 12:13:38 INFO  HomePage: 102 - clicked on proceed button and object is: [[FirefoxDriver: firefox on XP (05c143eb-384b-4a7f-9ffb-26e3e93fa284)] -> id: singlebutton]
